<?xml version="1.0" encoding="utf-8"?><testsuites><testsuite name="pytest" errors="16" failures="40" skipped="15" tests="458" time="300.409" timestamp="2025-06-14T14:54:12.954764+07:00" hostname="MacBook-Air-cua-Nguyen.local"><testcase classname="" name="tests.test_cli138_docs" time="0.000"><error message="collection failure">'cli138' not found in `markers` configuration option</error><error message="collection failure">'cli138' not found in `markers` configuration option</error><error message="collection failure">'cli138' not found in `markers` configuration option</error><error message="collection failure">'cli138' not found in `markers` configuration option</error></testcase><testcase classname="" name="tests.test_cli140b_ci_alert" time="0.000"><error message="collection failure">'observability' not found in `markers` configuration option</error><error message="collection failure">'observability' not found in `markers` configuration option</error><error message="collection failure">'observability' not found in `markers` configuration option</error><error message="collection failure">'observability' not found in `markers` configuration option</error></testcase><testcase classname="" name="tests.test_cli140c_doc" time="0.000"><error message="collection failure">'doc' not found in `markers` configuration option</error><error message="collection failure">'doc' not found in `markers` configuration option</error><error message="collection failure">'doc' not found in `markers` configuration option</error><error message="collection failure">'doc' not found in `markers` configuration option</error></testcase><testcase classname="" name="tests.test_cli140g1_shadow" time="0.000"><error message="collection failure">'shadow' not found in `markers` configuration option</error><error message="collection failure">'shadow' not found in `markers` configuration option</error><error message="collection failure">'shadow' not found in `markers` configuration option</error><error message="collection failure">'shadow' not found in `markers` configuration option</error></testcase><testcase classname="tests.test_cli139_api.TestCLI139APIErrorHandling" name="test_batch_save_retry_logic_on_rate_limit" time="0.015"><failure message="assert 401 == 200&#10; +  where 401 = &lt;Response [401 Unauthorized]&gt;.status_code">tests/test_cli139_api.py:67: in test_batch_save_retry_logic_on_rate_limit
    assert response.status_code == 200
E   assert 401 == 200
E    +  where 401 = &lt;Response [401 Unauthorized]&gt;.status_code</failure></testcase><testcase classname="tests.api.test_all_tags_lowercase_in_fixtures" name="test_all_tags_lowercase_in_fixtures" time="0.011" /><testcase classname="tests.api.test_embedding_provider.TestEmbeddingProviderInterface" name="test_mock_embedding_provider_basic_functionality" time="0.011" /><testcase classname="tests.api.test_session_and_events.TestIntegration" name="test_vectorization_with_events" time="2.998" /><testcase classname="tests.api.test_api_a2a_gateway.TestAPIAGateway" name="test_root_endpoint" time="0.006" /><testcase classname="tests.api.test_embedding_provider.TestEmbeddingProviderInterface" name="test_vectorization_tool_uses_custom_embedding_provider" time="0.007" /><testcase classname="tests.api.test_api_a2a_gateway.TestAPIAGateway" name="test_health_endpoint_no_services" time="0.009" /><testcase classname="tests.api.test_embeddings_api" name="test_generate_embedding_mock" time="0.023" /><testcase classname="tests.api.test_api_a2a_gateway.TestAPIAGateway" name="test_save_document_success" time="0.016" /><testcase classname="tests.api.test_embeddings_api" name="test_generate_embedding_real" time="0.000"><skipped type="pytest.skip" message="OPENAI_API_KEY not set, skipping real embedding tests">/Users/nmhuyen/Documents/Manual Deploy/mpc_back_end_for_agents/tests/api/test_embeddings_api.py:217: OPENAI_API_KEY not set, skipping real embedding tests</skipped></testcase><testcase classname="tests.api.test_api_a2a_gateway.TestAPIAGateway" name="test_save_document_service_unavailable" time="0.004" /><testcase classname="tests.api.test_api_a2a_gateway.TestAPIAGateway" name="test_save_document_invalid_request" time="0.007" /><testcase classname="tests.api.test_api_a2a_gateway.TestAPIAGateway" name="test_query_vectors_success" time="0.014" /><testcase classname="tests.api.test_api_a2a_gateway.TestAPIAGateway" name="test_query_vectors_service_unavailable" time="0.006" /><testcase classname="tests.api.test_embeddings_api" name="test_semantic_search_cosine" time="0.055" /><testcase classname="tests.api.test_api_a2a_gateway.TestAPIAGateway" name="test_query_vectors_invalid_request" time="0.006" /><testcase classname="tests.api.test_api_a2a_gateway.TestAPIAGateway" name="test_search_documents_success" time="0.007" /><testcase classname="tests.api.test_api_a2a_gateway.TestAPIAGateway" name="test_search_documents_service_unavailable" time="0.005" /><testcase classname="tests.api.test_api_a2a_gateway.TestAPIAGateway" name="test_search_documents_with_vectors" time="0.006" /><testcase classname="tests.api.test_api_a2a_gateway.TestAPIAGateway" name="test_pydantic_models_validation" time="0.002" /><testcase classname="tests.api.test_api_a2a_gateway.TestAPIAGateway" name="test_api_a2a_integration_flow" time="0.010" /><testcase classname="tests.api.test_api_edge_cases.TestRateLimitingEdgeCases" name="test_rate_limit_boundary_conditions" time="0.000"><skipped type="pytest.skip" message="need --runslow option to run">/Users/nmhuyen/Documents/Manual Deploy/mpc_back_end_for_agents/conftest.py:388: need --runslow option to run</skipped></testcase><testcase classname="tests.api.test_embeddings_api" name="test_clear_embeddings" time="0.031" /><testcase classname="tests.api.test_empty_filter_tag" name="test_empty_filter_tag_rejected" time="0.010" /><testcase classname="tests.api.test_empty_filter_tag" name="test_whitespace_filter_tag_rejected" time="0.005" /><testcase classname="tests.api.test_empty_query_rejected" name="test_empty_query_rejected" time="0.011" /><testcase classname="tests.api.test_empty_query_text" name="test_empty_query_text" time="0.004" /><testcase classname="tests.api.test_env_config_valid" name="test_env_config_valid" time="0.003" /><testcase classname="tests.api.test_filter_tag_case" name="test_filter_tag_case_insensitive" time="0.010" /><testcase classname="tests.api.test_filter_tag_no_match" name="test_filter_tag_with_no_matches" time="0.010" /><testcase classname="tests.api.test_filter_tag_trailing_spaces" name="test_filter_tag_trailing_spaces" time="0.011" /><testcase classname="tests.api.test_firestore_edge_cases.TestFirestoreConnectionEdgeCases" name="test_firestore_connection_failure" time="0.003" /><testcase classname="tests.api.test_firestore_edge_cases.TestFirestoreConnectionEdgeCases" name="test_firestore_timeout_handling" time="1.684" /><testcase classname="tests.test_cli139_api.TestCLI139APIErrorHandling" name="test_batch_query_timeout_handling" time="0.005"><failure message="assert 401 == 200&#10; +  where 401 = &lt;Response [401 Unauthorized]&gt;.status_code">tests/test_cli139_api.py:109: in test_batch_query_timeout_handling
    assert response.status_code == 200
E   assert 401 == 200
E    +  where 401 = &lt;Response [401 Unauthorized]&gt;.status_code</failure></testcase><testcase classname="tests.test_cli139_api.TestCLI139APIErrorHandling" name="test_error_categorization_and_reporting" time="0.007"><failure message="assert 401 == 200&#10; +  where 401 = &lt;Response [401 Unauthorized]&gt;.status_code">tests/test_cli139_api.py:156: in test_error_categorization_and_reporting
    assert response.status_code == 200
E   assert 401 == 200
E    +  where 401 = &lt;Response [401 Unauthorized]&gt;.status_code</failure></testcase><testcase classname="tests.test_cli139_api.TestCLI139APIErrorHandling" name="test_batch_operations_performance_under_5_seconds" time="0.007"><failure message="assert 401 == 200&#10; +  where 401 = &lt;Response [401 Unauthorized]&gt;.status_code">tests/test_cli139_api.py:220: in test_batch_operations_performance_under_5_seconds
    assert save_response.status_code == 200
E   assert 401 == 200
E    +  where 401 = &lt;Response [401 Unauthorized]&gt;.status_code</failure></testcase><testcase classname="tests.test_cli139_api.TestCLI139APIErrorHandling" name="test_concurrent_session_operations" time="0.004" /><testcase classname="tests.test_cli139_api.TestCLI139APIErrorHandling" name="test_api_error_classes_defined" time="0.001" /><testcase classname="tests.test_cli139_api.TestCLI139Integration" name="test_end_to_end_error_recovery" time="0.005"><failure message="assert 401 == 200&#10; +  where 401 = &lt;Response [401 Unauthorized]&gt;.status_code">tests/test_cli139_api.py:341: in test_end_to_end_error_recovery
    assert response.status_code == 200
E   assert 401 == 200
E    +  where 401 = &lt;Response [401 Unauthorized]&gt;.status_code</failure></testcase><testcase classname="tests.test_cli139_api.TestCLI139" name="test_batch_save_retry_logic_on_rate_limit" time="0.005"><failure message="assert 401 == 200&#10; +  where 401 = &lt;Response [401 Unauthorized]&gt;.status_code">tests/test_cli139_api.py:389: in test_batch_save_retry_logic_on_rate_limit
    assert response.status_code == 200
E   assert 401 == 200
E    +  where 401 = &lt;Response [401 Unauthorized]&gt;.status_code</failure></testcase><testcase classname="tests.test_cli139_api.TestCLI139" name="test_batch_query_timeout_handling" time="0.006"><failure message="assert 401 == 200&#10; +  where 401 = &lt;Response [401 Unauthorized]&gt;.status_code">tests/test_cli139_api.py:430: in test_batch_query_timeout_handling
    assert response.status_code == 200
E   assert 401 == 200
E    +  where 401 = &lt;Response [401 Unauthorized]&gt;.status_code</failure></testcase><testcase classname="tests.test_cli139_api.TestCLI139" name="test_error_categorization_and_reporting" time="0.007"><failure message="assert 401 == 200&#10; +  where 401 = &lt;Response [401 Unauthorized]&gt;.status_code">tests/test_cli139_api.py:476: in test_error_categorization_and_reporting
    assert response.status_code == 200
E   assert 401 == 200
E    +  where 401 = &lt;Response [401 Unauthorized]&gt;.status_code</failure></testcase><testcase classname="tests.test_cli139_api.TestCLI139" name="test_batch_operations_performance_under_5_seconds" time="0.010"><failure message="assert 401 == 200&#10; +  where 401 = &lt;Response [401 Unauthorized]&gt;.status_code">tests/test_cli139_api.py:539: in test_batch_operations_performance_under_5_seconds
    assert save_response.status_code == 200
E   assert 401 == 200
E    +  where 401 = &lt;Response [401 Unauthorized]&gt;.status_code</failure></testcase><testcase classname="tests.test_cli139_api.TestCLI139" name="test_concurrent_session_operations" time="0.007" /><testcase classname="tests.test_cli139_api.TestCLI139" name="test_end_to_end_error_recovery" time="0.006"><failure message="assert 401 == 200&#10; +  where 401 = &lt;Response [401 Unauthorized]&gt;.status_code">tests/test_cli139_api.py:633: in test_end_to_end_error_recovery
    assert response.status_code == 200
E   assert 401 == 200
E    +  where 401 = &lt;Response [401 Unauthorized]&gt;.status_code</failure></testcase><testcase classname="tests.test_cli140_cskh_rag.TestCLI140CSKHRag" name="test_cskh_query_endpoint_basic" time="0.008" /><testcase classname="tests.test_cli140_cskh_rag.TestCLI140CSKHRag" name="test_cskh_query_performance_under_1s" time="0.007" /><testcase classname="tests.test_cli140_cskh_rag.TestCLI140CSKHRag" name="test_cskh_query_caching" time="0.009" /><testcase classname="tests.test_cli140_cskh_rag.TestCLI140CSKHRag" name="test_cskh_query_error_handling" time="0.007" /><testcase classname="tests.test_cli140_cskh_rag.TestCLI140CSKHRag" name="test_cskh_query_timeout_handling" time="0.000"><skipped type="pytest.skip" message="need --runslow option to run">/Users/nmhuyen/Documents/Manual Deploy/mpc_back_end_for_agents/conftest.py:388: need --runslow option to run</skipped></testcase><testcase classname="tests.test_cli140_cskh_rag.TestCLI140CSKHRag" name="test_cskh_query_validation" time="0.007" /><testcase classname="tests.test_cli140_cskh_rag.TestCLI140CSKHRag" name="test_cskh_query_metrics_recording" time="0.007" /><testcase classname="tests.test_cli140_cskh_rag.TestCLI140CSKHRag" name="test_api_root_includes_cskh_endpoint" time="0.004" /><testcase classname="tests.test_cli140d_index_cost.TestCLI140dIndexCost" name="test_firestore_index_deployment_and_cost_monitoring" time="0.004" /><testcase classname="tests.test_cli140e1_firestore_ru.TestFirestoreRUOptimization" name="test_optimized_document_existence_check" time="1.469"><failure message="AssertionError: assert &lt;AsyncMock name='mock.collection().document().get().exists' id='5534147888'&gt; is True">tests/test_cli140e1_firestore_ru.py:105: in test_optimized_document_existence_check
    assert exists is True
E   AssertionError: assert &lt;AsyncMock name='mock.collection().document().get().exists' id='5534147888'&gt; is True</failure></testcase><testcase classname="tests.test_cli140e1_firestore_ru.TestFirestoreRUOptimization" name="test_fallback_existence_check" time="0.481" /><testcase classname="tests.api.test_firestore_edge_cases.TestFirestoreConnectionEdgeCases" name="test_firestore_permission_denied" time="0.508" /><testcase classname="tests.test_cli140e1_firestore_ru.TestFirestoreRUOptimization" name="test_optimized_versioning_document_fetch" time="0.506"><failure message="TypeError: 'coroutine' object is not subscriptable">tests/test_cli140e1_firestore_ru.py:175: in test_optimized_versioning_document_fetch
    assert doc_snapshot.to_dict()["version"] == 2
E   TypeError: 'coroutine' object is not subscriptable</failure></testcase><testcase classname="tests.api.test_api_edge_cases.TestRateLimitingEdgeCases" name="test_concurrent_rate_limit_users" time="2.536" /><testcase classname="tests.api.test_api_edge_cases.TestLargePayloadHandling" name="test_large_document_content" time="0.002" /><testcase classname="tests.api.test_api_edge_cases.TestLargePayloadHandling" name="test_large_metadata_objects" time="0.002" /><testcase classname="tests.api.test_api_edge_cases.TestLargePayloadHandling" name="test_unicode_and_special_characters" time="0.002" /><testcase classname="tests.api.test_firestore_edge_cases.TestDataValidationEdgeCases" name="test_email_validation_edge_cases" time="2.362" /><testcase classname="tests.test_cli140e1_firestore_ru.TestFirestoreRUOptimization" name="test_nonexistent_document_optimization" time="0.480"><failure message="AssertionError: assert &lt;AsyncMock name='mock.collection().document().get().exists' id='5536348240'&gt; is False&#10; +  where &lt;AsyncMock name='mock.collection().document().get().exists' id='5536348240'&gt; = &lt;AsyncMock name='mock.collection().document().get()' id='5536476336'&gt;.exists">tests/test_cli140e1_firestore_ru.py:212: in test_nonexistent_document_optimization
    assert doc_snapshot.exists is False
E   AssertionError: assert &lt;AsyncMock name='mock.collection().document().get().exists' id='5536348240'&gt; is False
E    +  where &lt;AsyncMock name='mock.collection().document().get().exists' id='5536348240'&gt; = &lt;AsyncMock name='mock.collection().document().get()' id='5536476336'&gt;.exists</failure></testcase><testcase classname="tests.api.test_session_and_events.TestIntegration" name="test_session_context_in_vectorization" time="0.010" /><testcase classname="tests.api.test_session_and_events.TestErrorHandling" name="test_session_manager_firestore_error" time="0.003" /><testcase classname="tests.api.test_session_and_events.TestErrorHandling" name="test_event_manager_pubsub_error" time="0.007" /><testcase classname="tests.api.test_session_and_events.TestErrorHandling" name="test_session_not_found_error" time="0.003" /><testcase classname="tests.api.test_tag_too_long" name="test_tag_too_long" time="0.016" /><testcase classname="tests.api.test_threshold_below_minimum" name="test_threshold_below_minimum" time="0.017" /><testcase classname="tests.api.test_threshold_exact_equals" name="test_threshold_exact_equals" time="0.015" /><testcase classname="tests.api.test_top_k_larger_than_data" name="test_top_k_exceeds_data_count" time="0.019" /><testcase classname="tests.api.test_top_k_minimum" name="test_top_k_minimum_one" time="0.013" /><testcase classname="tests.api.test_top_k_too_large" name="test_top_k_too_large" time="0.009" /><testcase classname="tests.api.test_upload_and_download_blob" name="test_upload_and_download_blob" time="0.007" /><testcase classname="tests.api.test_vector_edge_cases" name="test_get_vector_by_id_not_found" time="0.007" /><testcase classname="tests.api.test_vector_edge_cases" name="test_upsert_vector_invalid_input" time="0.014" /><testcase classname="tests.api.test_vector_edge_cases" name="test_query_vectors_by_ids_partial_invalid" time="0.010" /><testcase classname="tests.api.test_vector_edge_cases" name="test_delete_vector_not_found" time="0.008" /><testcase classname="tests.api.test_vector_safety_check" name="test_vector_id_collision" time="0.019" /><testcase classname="tests.api.test_vector_safety_check" name="test_vector_truncation_protection" time="0.015" /><testcase classname="tests.api.test_workflow.TestWorkflowOrchestration" name="test_workflow_deployment_exists" time="0.016" /><testcase classname="tests.api.test_workflow.TestWorkflowOrchestration" name="test_workflow_execution_simulation" time="0.003" /><testcase classname="tests.api.test_workflow.TestWorkflowOrchestration" name="test_workflow_batch_execution_simulation" time="0.000"><skipped type="pytest.skip" message="need --runslow option to run">/Users/nmhuyen/Documents/Manual Deploy/mpc_back_end_for_agents/conftest.py:388: need --runslow option to run</skipped></testcase><testcase classname="tests.api.test_workflow.TestWorkflowOrchestration" name="test_workflow_input_validation" time="0.002" /><testcase classname="tests.api.test_workflow.TestWorkflowOrchestration" name="test_workflow_error_handling" time="0.002" /><testcase classname="tests.api.test_workflow.TestWorkflowOrchestration" name="test_workflow_metadata_enhancement" time="0.003" /><testcase classname="tests.api.test_workflow.TestWorkflowOrchestration" name="test_workflow_cli125_requirement" time="0.003" /><testcase classname="tests.api.test_workflow.TestWorkflowIntegration" name="test_workflow_deployment_status" time="0.002" /><testcase classname="tests.api.test_workflow.TestWorkflowIntegration" name="test_workflow_performance_expectations" time="0.002" /><testcase classname="tests.api.test_workflow.TestWorkflowIntegration" name="test_workflow_complete_orchestration_cli125" time="0.002" /><testcase classname="tests.e2e.test_e2e_pipeline.TestE2EPipeline" name="test_complete_e2e_pipeline" time="0.009" /><testcase classname="tests.e2e.test_e2e_pipeline.TestE2EPipeline" name="test_e2e_error_handling" time="0.007" /><testcase classname="tests.e2e.test_e2e_pipeline.TestE2EPipeline" name="test_e2e_performance" time="0.011" /><testcase classname="tests.e2e.test_e2e_pipeline.TestE2EPipeline" name="test_e2e_markers" time="0.005" /><testcase classname="tests.test__meta_count" name="test_meta_count" time="3.108"><failure message="AssertionError: Expected 462 tests, but found 463. Ensure all new tests are included and EXPECTED_TOTAL_TESTS is up-to-date.&#10;assert 463 == 462">tests/test__meta_count.py:102: in test_meta_count
    assert (
E   AssertionError: Expected 462 tests, but found 463. Ensure all new tests are included and EXPECTED_TOTAL_TESTS is up-to-date.
E   assert 463 == 462</failure></testcase><testcase classname="tests.test_cli140e1_firestore_ru.TestFirestoreRUOptimization" name="test_batch_existence_optimization" time="0.388" /><testcase classname="tests.api.test_api_edge_cases.TestConcurrentRequestHandling" name="test_concurrent_token_creation" time="0.989" /><testcase classname="tests.test_cli140e1_firestore_ru.TestFirestoreRUOptimization" name="test_ru_cost_comparison" time="0.003" /><testcase classname="tests.test_cli140e1_firestore_ru.TestFirestoreRUOptimization" name="test_save_metadata_with_ru_optimization" time="0.450"><failure message="AttributeError: 'coroutine' object has no attribute 'document'">tests/test_cli140e1_firestore_ru.py:356: in test_save_metadata_with_ru_optimization
    await manager.save_metadata("test_doc", test_metadata)
ADK/agent_data/vector_store/firestore_metadata_manager.py:135: in save_metadata
    doc_ref = self.db.collection(self.collection_name).document(doc_id)
E   AttributeError: 'coroutine' object has no attribute 'document'</failure></testcase><testcase classname="tests.test_cli140e1_firestore_ru.TestFirestoreRUOptimization" name="test_end_to_end_ru_optimization" time="0.469" /><testcase classname="tests.api.test_api_edge_cases.TestConcurrentRequestHandling" name="test_concurrent_token_validation" time="0.838" /><testcase classname="tests.test_cli140e3_3_qdrant_vectorization_coverage.TestQdrantVectorizationToolCoverage" name="test_rate_limit_enforcement" time="0.311" /><testcase classname="tests.test_cli140e3_3_qdrant_vectorization_coverage.TestQdrantVectorizationToolCoverage" name="test_initialization_states" time="0.006" /><testcase classname="tests.test_cli140e3_3_qdrant_vectorization_coverage.TestQdrantVectorizationToolCoverage" name="test_vectorize_document_success_path" time="0.009" /><testcase classname="tests.test_cli140e3_3_qdrant_vectorization_coverage.TestQdrantVectorizationToolCoverage" name="test_vectorize_document_embedding_error" time="0.008" /><testcase classname="tests.test_cli140e3_3_qdrant_vectorization_coverage.TestQdrantVectorizationToolCoverage" name="test_rag_search_with_mocked_components" time="0.004" /><testcase classname="tests.test_cli140e3_3_qdrant_vectorization_coverage.TestQdrantVectorizationToolCoverage" name="test_rag_search_full_workflow" time="0.007" /><testcase classname="tests.test_cli140e3_3_qdrant_vectorization_coverage.TestQdrantVectorizationToolCoverage" name="test_batch_vectorize_documents_success" time="0.609" /><testcase classname="tests.api.test_firestore_edge_cases.TestDataValidationEdgeCases" name="test_password_validation_edge_cases" time="5.692" /><testcase classname="tests.api.test_api_edge_cases.TestErrorHandlingEdgeCases" name="test_memory_pressure_simulation" time="0.912" /><testcase classname="tests.api.test_api_edge_cases.TestErrorHandlingEdgeCases" name="test_rapid_token_expiration" time="0.001"><skipped type="pytest.skip" message="need --runslow option to run">/Users/nmhuyen/Documents/Manual Deploy/mpc_back_end_for_agents/conftest.py:388: need --runslow option to run</skipped></testcase><testcase classname="tests.test_cli140e3_3_qdrant_vectorization_coverage.TestQdrantVectorizationToolCoverage" name="test_batch_vectorize_invalid_documents" time="0.007" /><testcase classname="tests.test_cli140e3_3_qdrant_vectorization_coverage.TestQdrantVectorizationToolCoverage" name="test_update_vector_status_error_handling" time="0.005" /><testcase classname="tests.test_cli140e3_3_qdrant_vectorization_coverage.TestQdrantVectorizationToolCoverage" name="test_vectorize_document_upsert_failure" time="1.419" /><testcase classname="tests.api.test_api_edge_cases.TestErrorHandlingEdgeCases" name="test_malformed_input_handling" time="0.829" /><testcase classname="tests.test_cli126a_optimization.TestCLI126AOptimization" name="test_pytest_testmon_installed" time="1.627" /><testcase classname="tests.test_cli140e3_3_qdrant_vectorization_coverage" name="test_get_vectorization_tool_factory" time="0.003" /><testcase classname="tests.test_cli140e3_3_qdrant_vectorization_coverage" name="test_qdrant_vectorize_document_function" time="0.008" /><testcase classname="tests.test_cli140e3_3_qdrant_vectorization_coverage" name="test_qdrant_rag_search_function" time="0.005" /><testcase classname="tests.test_cli140e3_3_qdrant_vectorization_coverage" name="test_batch_vectorize_documents_function" time="0.009" /><testcase classname="tests.test_cli140e3_9_validation.TestCLI140e39Validation" name="test_api_mcp_gateway_additional_coverage" time="0.034" /><testcase classname="tests.api.test_api_edge_cases.TestErrorHandlingEdgeCases" name="test_boundary_value_testing" time="0.879" /><testcase classname="tests.test_cli140e3_9_validation.TestCLI140e39Validation" name="test_api_mcp_gateway_error_handling_coverage" time="0.029" /><testcase classname="tests.test_cli140e3_9_validation.TestCLI140e39Validation" name="test_api_mcp_gateway_authentication_paths" time="0.016" /><testcase classname="tests.test_cli140e3_9_validation.TestCLI140e39Validation" name="test_api_mcp_gateway_comprehensive_coverage" time="0.147" /><testcase classname="tests.test_cli140e3_9_validation.TestCLI140e39Validation" name="test_api_mcp_gateway_edge_cases_coverage" time="0.015" /><testcase classname="tests.test_cli140e3_9_validation.TestCLI140e39Validation" name="test_rag_latency_validation_with_auth_fix" time="11.870" /><testcase classname="tests.test_cli126a_optimization.TestCLI126AOptimization" name="test_pytest_xdist_installed" time="1.377" /><testcase classname="tests.api.test_authentication.TestJWTAuthentication" name="test_auth_manager_initialization" time="1.325" /><testcase classname="tests.api.test_authentication.TestJWTAuthentication" name="test_password_hashing_and_verification" time="1.066" /><testcase classname="tests.api.test_authentication.TestJWTAuthentication" name="test_jwt_token_creation_and_validation" time="0.003" /><testcase classname="tests.api.test_authentication.TestJWTAuthentication" name="test_jwt_token_expiration" time="1.108"><failure message="Failed: DID NOT RAISE &lt;class 'Exception'&gt;">tests/api/test_authentication.py:94: in test_jwt_token_expiration
    with pytest.raises(Exception):  # Should raise HTTPException
E   Failed: DID NOT RAISE &lt;class 'Exception'&gt;</failure></testcase><testcase classname="tests.test_cli126a_optimization.TestCLI126AOptimization" name="test_selective_test_execution_markers" time="0.000"><skipped type="pytest.skip" message="need --runslow option to run">/Users/nmhuyen/Documents/Manual Deploy/mpc_back_end_for_agents/conftest.py:388: need --runslow option to run</skipped></testcase><testcase classname="tests.test_cli126a_optimization.TestCLI126AOptimization" name="test_cli126a_optimization_goal_achieved" time="0.000"><skipped type="pytest.skip" message="need --runslow option to run">/Users/nmhuyen/Documents/Manual Deploy/mpc_back_end_for_agents/conftest.py:388: need --runslow option to run</skipped></testcase><testcase classname="tests.test_cli126b_mocking.TestCLI126BMocking" name="test_qdrant_mock_functionality" time="0.003" /><testcase classname="tests.test_cli126b_mocking.TestCLI126BMocking" name="test_openai_mock_functionality" time="0.002" /><testcase classname="tests.test_cli126b_mocking.TestCLI126BMocking" name="test_embedding_cache_functionality" time="0.006" /><testcase classname="tests.test_cli126b_mocking.TestCLI126BMocking" name="test_fast_e2e_mocks_integration" time="0.006" /><testcase classname="tests.test_cli126b_mocking.TestCLI126BMocking" name="test_auto_mock_external_services" time="0.003" /><testcase classname="tests.test_cli126b_mocking.TestCLI126BMocking" name="test_mocking_performance_improvement" time="0.003" /><testcase classname="tests.test_cli126b_mocking.TestCLI126BMocking" name="test_cache_persistence" time="0.007" /><testcase classname="tests.test_cli126c_deferred.TestCLI126CDeferredStrategy" name="test_active_test_count_in_target_range" time="0.000"><skipped type="pytest.skip" message="need --runslow option to run">/Users/nmhuyen/Documents/Manual Deploy/mpc_back_end_for_agents/conftest.py:388: need --runslow option to run</skipped></testcase><testcase classname="tests.test_cli126c_deferred.TestCLI126CDeferredStrategy" name="test_deferred_tests_excluded_from_fast_runs" time="0.000"><skipped type="pytest.skip" message="need --runslow option to run">/Users/nmhuyen/Documents/Manual Deploy/mpc_back_end_for_agents/conftest.py:388: need --runslow option to run</skipped></testcase><testcase classname="tests.test_cli126c_deferred.TestCLI126CDeferredStrategy" name="test_deferred_tests_included_in_full_runs" time="0.000"><skipped type="pytest.skip" message="need --runslow option to run">/Users/nmhuyen/Documents/Manual Deploy/mpc_back_end_for_agents/conftest.py:388: need --runslow option to run</skipped></testcase><testcase classname="tests.test_cli126c_deferred.TestCLI126CDeferredStrategy" name="test_core_functionality_tests_remain_active" time="4.526" /><testcase classname="tests.api.test_authentication.TestJWTAuthentication" name="test_invalid_jwt_token" time="0.005" /><testcase classname="tests.api.test_authentication.TestJWTAuthentication" name="test_user_token_creation" time="0.006" /><testcase classname="tests.api.test_authentication.TestJWTAuthentication" name="test_user_access_validation" time="0.004" /><testcase classname="tests.api.test_authentication.TestJWTAuthentication" name="test_jwt_secret_from_secret_manager" time="0.005" /><testcase classname="tests.api.test_authentication.TestJWTAuthentication" name="test_malformed_token_handling" time="0.004" /><testcase classname="tests.api.test_authentication.TestJWTAuthentication" name="test_token_without_required_fields" time="0.003" /><testcase classname="tests.api.test_firestore_edge_cases.TestDataValidationEdgeCases" name="test_metadata_size_limits" time="0.402" /><testcase classname="tests.api.test_authentication.TestUserManager" name="test_user_creation" time="0.453" /><testcase classname="tests.api.test_firestore_edge_cases.TestConcurrentFirestoreOperations" name="test_concurrent_user_creation" time="1.098" /><testcase classname="tests.api.test_authentication.TestUserManager" name="test_user_authentication" time="0.318"><failure message="assert None is not None">tests/api/test_authentication.py:249: in test_user_authentication
    assert result is not None
E   assert None is not None</failure></testcase><testcase classname="tests.api.test_authentication.TestUserManager" name="test_rate_limiting_simulation" time="0.006" /><testcase classname="tests.api.test_authentication.TestAuthenticationIntegration" name="test_authentication_flow_simulation" time="0.914" /><testcase classname="tests.api.test_firestore_edge_cases.TestConcurrentFirestoreOperations" name="test_concurrent_authentication_attempts" time="0.442" /><testcase classname="tests.api.test_authentication.TestAuthenticationIntegration" name="test_token_refresh_simulation" time="0.944"><failure message="AssertionError: assert 'eyJhbGciOiJIUzI1NiIsInR5cCI6IkpXVCJ9.eyJzdWIiOiJyZWZyZXNoQHRlc3QuY29tIiwiZW1haWwiOiJyZWZyZXNoQHRlc3QuY29tIiwiZXhwIjoxNzQ5ODg5NDY5LCJpYXQiOjE3NDk4ODc2Njl9.LHLoQkqVx4yluWR07ODjGT6QysfFzaPy9eKoe1MSPJg' != 'eyJhbGciOiJIUzI1NiIsInR5cCI6IkpXVCJ9.eyJzdWIiOiJyZWZyZXNoQHRlc3QuY29tIiwiZW1haWwiOiJyZWZyZXNoQHRlc3QuY29tIiwiZXhwIjoxNzQ5ODg5NDY5LCJpYXQiOjE3NDk4ODc2Njl9.LHLoQkqVx4yluWR07ODjGT6QysfFzaPy9eKoe1MSPJg'">tests/api/test_authentication.py:324: in test_token_refresh_simulation
    assert old_token != new_token
E   AssertionError: assert 'eyJhbGciOiJIUzI1NiIsInR5cCI6IkpXVCJ9.eyJzdWIiOiJyZWZyZXNoQHRlc3QuY29tIiwiZW1haWwiOiJyZWZyZXNoQHRlc3QuY29tIiwiZXhwIjoxNzQ5ODg5NDY5LCJpYXQiOjE3NDk4ODc2Njl9.LHLoQkqVx4yluWR07ODjGT6QysfFzaPy9eKoe1MSPJg' != 'eyJhbGciOiJIUzI1NiIsInR5cCI6IkpXVCJ9.eyJzdWIiOiJyZWZyZXNoQHRlc3QuY29tIiwiZW1haWwiOiJyZWZyZXNoQHRlc3QuY29tIiwiZXhwIjoxNzQ5ODg5NDY5LCJpYXQiOjE3NDk4ODc2Njl9.LHLoQkqVx4yluWR07ODjGT6QysfFzaPy9eKoe1MSPJg'</failure></testcase><testcase classname="tests.api.test_firestore_edge_cases.TestFirestoreDataConsistency" name="test_user_data_integrity" time="0.698" /><testcase classname="tests.api.test_firestore_edge_cases.TestFirestoreDataConsistency" name="test_timestamp_consistency" time="0.609" /><testcase classname="tests.api.test_bad_topk_value_raises" name="test_bad_topk_value_raises" time="0.014" /><testcase classname="tests.api.test_batch_policy.TestBatchPolicy" name="test_batch_size_enforcement" time="7.232" /><testcase classname="tests.api.test_firestore_edge_cases.TestFirestoreDataConsistency" name="test_scope_validation" time="1.866" /><testcase classname="tests.test_cli126c_deferred.TestCLI126CDeferredStrategy" name="test_edge_case_tests_are_deferred" time="0.000"><skipped type="pytest.skip" message="need --runslow option to run">/Users/nmhuyen/Documents/Manual Deploy/mpc_back_end_for_agents/conftest.py:388: need --runslow option to run</skipped></testcase><testcase classname="tests.test_cli126c_deferred.TestCLI126CDeferredStrategy" name="test_cli126c_strategy_documentation_ready" time="0.031"><failure message="AssertionError: Could not find active test count in debug output&#10;assert None">tests/test_cli126c_deferred.py:197: in test_cli126c_strategy_documentation_ready
    assert active_match, "Could not find active test count in debug output"
E   AssertionError: Could not find active test count in debug output
E   assert None</failure></testcase><testcase classname="tests.test_cli126d_ci_setup.TestCLI126DCISetup" name="test_nightly_workflow_exists_and_valid" time="0.004"><failure message="AssertionError: Should run at 18:00 UTC (1:00 AM ICT)&#10;assert '18' in '0 0 * * *'">tests/test_cli126d_ci_setup.py:38: in test_nightly_workflow_exists_and_valid
    assert "18" in cron_expression, "Should run at 18:00 UTC (1:00 AM ICT)"
E   AssertionError: Should run at 18:00 UTC (1:00 AM ICT)
E   assert '18' in '0 0 * * *'</failure></testcase><testcase classname="tests.test_cli126d_ci_setup.TestCLI126DCISetup" name="test_git_pre_push_hook_exists_and_executable" time="0.002" /><testcase classname="tests.test_cli126d_ci_setup.TestCLI126DCISetup" name="test_git_hook_functionality_simulation" time="10.809" /><testcase classname="tests.api.test_invalid_over_threshold" name="test_score_threshold_over_one" time="0.005" /><testcase classname="tests.api.test_invalid_threshold" name="test_invalid_score_threshold" time="0.004" /><testcase classname="tests.api.test_invalid_top_k" name="test_negative_top_k" time="0.004" /><testcase classname="tests.api.test_logging.TestStructuredJSONFormatter" name="test_basic_json_format" time="0.002" /><testcase classname="tests.api.test_logging.TestStructuredJSONFormatter" name="test_context_fields" time="0.002" /><testcase classname="tests.api.test_logging.TestStructuredJSONFormatter" name="test_exception_formatting" time="0.003" /><testcase classname="tests.api.test_logging.TestSamplingFilter" name="test_error_always_passes" time="0.002" /><testcase classname="tests.api.test_logging.TestSamplingFilter" name="test_warning_always_passes" time="0.001" /><testcase classname="tests.api.test_logging.TestSamplingFilter" name="test_info_sampling" time="0.002" /><testcase classname="tests.api.test_logging.TestErrorMetricsHandler" name="test_metrics_handler_initialization" time="0.001" /><testcase classname="tests.api.test_logging.TestErrorMetricsHandler" name="test_error_metrics_emit" time="0.004" /><testcase classname="tests.api.test_logging.TestStructuredLogger" name="test_logger_initialization" time="0.003" /><testcase classname="tests.api.test_logging.TestStructuredLogger" name="test_log_levels" time="0.003" /><testcase classname="tests.api.test_logging.TestStructuredLogger" name="test_log_file_creation" time="0.003" /><testcase classname="tests.api.test_logging.TestLoggerRegistry" name="test_get_logger_singleton" time="0.002" /><testcase classname="tests.api.test_logging.TestLoggerRegistry" name="test_get_logger_different_names" time="0.004" /><testcase classname="tests.api.test_logging.TestLoggingIntegration" name="test_ten_log_entries_cli124_requirement" time="0.004" /><testcase classname="tests.api.test_mcp_echo_tool_integration" name="test_mcp_echo_tool_integration" time="0.002" /><testcase classname="tests.api.test_mcp_exit_gracefully" name="test_mcp_exit_gracefully" time="0.002" /><testcase classname="tests.api.test_mcp_qdrant_integration" name="test_mcp_qdrant_upsert_and_query" time="0.104" /><testcase classname="tests.api.test_metadata_versioning.TestMetadataVersioning" name="test_metadata_versioning_logic" time="0.001" /><testcase classname="tests.api.test_metadata_versioning.TestMetadataVersioning" name="test_hierarchical_structure_logic" time="0.001" /><testcase classname="tests.api.test_metadata_versioning.TestAutoTagging" name="test_content_hash_generation" time="0.001" /><testcase classname="tests.api.test_metadata_versioning.TestAutoTagging" name="test_get_auto_tagging_tool_singleton" time="0.001" /><testcase classname="tests.api.test_metrics" name="test_metrics_endpoint" time="0.007" /><testcase classname="tests.api.test_migration" name="test_migration_smoke" time="0.009" /><testcase classname="tests.api.test_migration_dry_run_stats" name="test_migration_dry_run_stats" time="0.003" /><testcase classname="tests.api.test_migration_handles_duplicate_ids" name="test_migration_handles_duplicate_ids" time="0.005" /><testcase classname="tests.api.test_missing_filter_tag" name="test_filter_tag_required_when_no_threshold" time="0.006" /><testcase classname="tests.api.test_package_installation.TestPackageInstallation" name="test_package_import" time="0.003" /><testcase classname="tests.api.test_package_installation.TestPackageInstallation" name="test_core_modules_import" time="0.003" /><testcase classname="tests.api.test_package_installation.TestPackageInstallation" name="test_package_in_sys_modules" time="0.004" /><testcase classname="tests.api.test_package_installation.TestPackageInstallation" name="test_package_metadata" time="0.002" /><testcase classname="tests.api.test_package_installation.TestPackageInstallation" name="test_new_imports_work" time="0.002" /><testcase classname="tests.api.test_parallel_calls_under_threshold" name="test_parallel_calls_under_threshold" time="0.002"><failure message="TypeError: 'coroutine' object is not subscriptable">tests/api/test_parallel_calls_under_threshold.py:21: in test_parallel_calls_under_threshold
    assert all(result["status"] == "success" for result in results), "Expected all calls to succeed"
tests/api/test_parallel_calls_under_threshold.py:21: in &lt;genexpr&gt;
    assert all(result["status"] == "success" for result in results), "Expected all calls to succeed"
E   TypeError: 'coroutine' object is not subscriptable</failure></testcase><testcase classname="tests.api.test_parallel_calls_under_threshold" name="test_parallel_calls_original_timing" time="0.000"><skipped type="pytest.skip" message="need --runslow option to run">/Users/nmhuyen/Documents/Manual Deploy/mpc_back_end_for_agents/conftest.py:388: need --runslow option to run</skipped></testcase><testcase classname="tests.api.test_performance_cloud.TestCloudPerformance" name="test_01_authenticate_for_performance" time="19.170" /><testcase classname="tests.test_cli140e3_9_validation.TestCLI140e39Validation" name="test_cloud_profiler_validation_with_auth_fix" time="6.539" /><testcase classname="tests.api.test_batch_policy.TestBatchPolicy" name="test_sleep_between_batches" time="0.042" /><testcase classname="tests.api.test_batch_policy.TestBatchPolicy" name="test_rate_limit_applied_per_document" time="0.009" /><testcase classname="tests.api.test_batch_policy.TestBatchPolicy" name="test_batch_policy_with_failures" time="2.713" /><testcase classname="tests.api.test_batch_policy.TestBatchPolicy" name="test_empty_documents_list" time="0.003" /><testcase classname="tests.api.test_batch_policy.TestBatchPolicy" name="test_default_batch_configuration" time="1.220" /><testcase classname="tests.api.test_blank_query_text" name="test_query_text_blank_spaces" time="0.061" /><testcase classname="tests.api.test_bulk_upload" name="test_bulk_upload_valid" time="0.029" /><testcase classname="tests.api.test_bulk_upload" name="test_bulk_upload_empty_collection" time="0.002" /><testcase classname="tests.api.test_bulk_upload" name="test_bulk_upload_empty_points" time="0.003" /><testcase classname="tests.api.test_bulk_upload" name="test_bulk_upload_invalid_points" time="0.010" /><testcase classname="tests.api.test_bulk_upload" name="test_bulk_upload_mixed_valid_invalid" time="0.009" /><testcase classname="tests.api.test_bulk_upload" name="test_bulk_upload_with_custom_ids" time="0.008" /><testcase classname="tests.api.test_cli119d10_enhancements.TestMetadataValidationEnhancements" name="test_validate_metadata_valid_data" time="0.003" /><testcase classname="tests.api.test_cli119d10_enhancements.TestMetadataValidationEnhancements" name="test_validate_metadata_missing_required_fields" time="0.003" /><testcase classname="tests.api.test_cli119d10_enhancements.TestMetadataValidationEnhancements" name="test_validate_metadata_invalid_types" time="0.003" /><testcase classname="tests.api.test_cli119d10_enhancements.TestMetadataValidationEnhancements" name="test_validate_metadata_content_size_limits" time="0.003" /><testcase classname="tests.api.test_cli119d10_enhancements.TestMetadataValidationEnhancements" name="test_validate_metadata_invalid_timestamps" time="0.002" /><testcase classname="tests.api.test_cli119d10_enhancements.TestMetadataValidationEnhancements" name="test_validate_version_increment_valid" time="0.003" /><testcase classname="tests.api.test_cli119d10_enhancements.TestMetadataValidationEnhancements" name="test_validate_version_increment_auto_increment" time="0.003" /><testcase classname="tests.api.test_cli119d10_enhancements.TestMetadataValidationEnhancements" name="test_validate_version_increment_decrease" time="0.002" /><testcase classname="tests.api.test_cli119d10_enhancements.TestMetadataValidationEnhancements" name="test_validate_version_increment_skip" time="0.003" /><testcase classname="tests.api.test_cli119d10_enhancements.TestMetadataValidationEnhancements" name="test_get_metadata_statistics" time="0.003" /><testcase classname="tests.api.test_cli119d10_enhancements.TestChangeReportingEnhancements" name="test_calculate_string_similarity" time="0.004" /><testcase classname="tests.api.test_cli119d10_enhancements.TestChangeReportingEnhancements" name="test_analyze_change_impact" time="0.002" /><testcase classname="tests.api.test_cli119d10_enhancements.TestChangeReportingEnhancements" name="test_calculate_data_quality_metrics" time="0.002" /><testcase classname="tests.api.test_cli119d10_enhancements.TestChangeReportingEnhancements" name="test_enhanced_change_analysis" time="0.002" /><testcase classname="tests.api.test_cli119d10_enhancements.TestFirestoreRulesValidation" name="test_firestore_rules_syntax" time="0.002" /><testcase classname="tests.api.test_cli119d10_enhancements.TestFirestoreRulesValidation" name="test_firebase_json_configuration" time="0.002" /><testcase classname="tests.api.test_cli119d10_enhancements.TestFirestoreRulesValidation" name="test_firestore_indexes_configuration" time="0.002" /><testcase classname="tests.api.test_cli119d10_enhancements.TestAlertingPolicyValidation" name="test_alert_policy_configuration" time="0.002" /><testcase classname="tests.api.test_cli119d10_enhancements.TestAlertingPolicyValidation" name="test_alert_policy_metrics_references" time="0.001" /><testcase classname="tests.api.test_cli119d10_enhancements.TestCLI119D10Integration" name="test_metadata_validation_integration" time="0.004" /><testcase classname="tests.api.test_cli119d10_enhancements.TestCLI119D10Integration" name="test_change_reporting_integration" time="0.001" /><testcase classname="tests.api.test_cursor_e2e_integration.TestCursorE2EIntegration" name="test_single_document_e2e_workflow" time="0.008" /><testcase classname="tests.api.test_cursor_e2e_integration.TestCursorE2EIntegration" name="test_batch_document_e2e_workflow" time="0.911" /><testcase classname="tests.test_cli126d_ci_setup.TestCLI126DCISetup" name="test_nightly_ci_badge_ready" time="0.002" /><testcase classname="tests.test_cli126d_ci_setup.TestCLI126DCISetup" name="test_cli126d_requirements_met" time="0.002" /><testcase classname="tests.test_cli126d_ci_setup.TestCLI126DCISetup" name="test_development_workflow_optimization" time="2.767" /><testcase classname="tests.test_cli140e3_9_validation.TestCLI140e39Validation" name="test_test_suite_count_compliance" time="2.874"><failure message="AssertionError: Expected 445 tests, found 463&#10;assert 463 == 445">tests/test_cli140e3_9_validation.py:378: in test_test_suite_count_compliance
    assert test_count == expected_count, f"Expected {expected_count} tests, found {test_count}"
E   AssertionError: Expected 445 tests, found 463
E   assert 463 == 445</failure></testcase><testcase classname="tests.api.test_cursor_e2e_integration.TestCursorE2EIntegration" name="test_cursor_query_workflow" time="0.007" /><testcase classname="tests.api.test_cursor_e2e_integration.TestCursorE2EIntegration" name="test_cursor_metadata_validation_workflow" time="0.007" /><testcase classname="tests.api.test_cursor_e2e_integration.TestCursorE2EIntegration" name="test_cursor_integration_data_consistency" time="0.007" /><testcase classname="tests.api.test_cursor_e2e_integration_fixed.TestCursorE2EIntegrationFixed" name="test_single_document_e2e_workflow" time="0.006" /><testcase classname="tests.api.test_cursor_e2e_integration_fixed.TestCursorE2EIntegrationFixed" name="test_batch_document_e2e_workflow" time="0.912" /><testcase classname="tests.api.test_cursor_e2e_integration_fixed.TestCursorE2EIntegrationFixed" name="test_cursor_query_workflow" time="0.010" /><testcase classname="tests.api.test_cursor_e2e_integration_fixed.TestCursorE2EIntegrationFixed" name="test_cursor_metadata_validation_workflow" time="0.006" /><testcase classname="tests.api.test_cursor_e2e_integration_fixed.TestCursorE2EIntegrationFixed" name="test_cursor_error_handling_workflow" time="0.008" /><testcase classname="tests.api.test_cursor_e2e_integration_fixed.TestCursorE2EIntegrationFixed" name="test_cursor_integration_performance_requirements" time="0.004" /><testcase classname="tests.api.test_cursor_e2e_integration_fixed.TestCursorE2EIntegrationFixed" name="test_cursor_integration_data_consistency" time="0.008" /><testcase classname="tests.api.test_cursor_e2e_real_cloud.TestCursorRealCloudIntegration" name="test_01_health_check" time="8.318" /><testcase classname="tests.test_cli127_package.TestCLI127PackageSetup" name="test_package_editable_installation" time="0.415" /><testcase classname="tests.test_cli127_package.TestCLI127PackageSetup" name="test_core_imports_work" time="0.002" /><testcase classname="tests.test_cli127_package.TestCLI127PackageSetup" name="test_package_structure_accessible" time="0.001" /><testcase classname="tests.test_cli127_package.TestCLI127PackageSetup" name="test_import_consistency_across_codebase" time="0.024" /><testcase classname="tests.test_cli128_metadata.TestCLI128MetadataManagement" name="test_comprehensive_metadata_management_logic" time="0.014" /><testcase classname="tests.test_cli129_security_rules.TestCLI129SecurityRules" name="test_comprehensive_firestore_security_rules_validation" time="0.002" /><testcase classname="tests.test_cli130_tree_view.TestCLI130TreeView" name="test_comprehensive_tree_view_functionality" time="0.007" /><testcase classname="tests.test_cli130_tree_view.TestCLI130TreeView" name="test_tree_view_implementation_completeness" time="0.002" /><testcase classname="tests.test_cli140e3_9_validation.TestCLI140e39Validation" name="test_cli140e39_completion_marker" time="0.002" /><testcase classname="tests.test_cli140e3_9_validation.TestCLI140e39Validation" name="test_api_mcp_gateway_authentication_enabled_coverage" time="0.014" /><testcase classname="tests.test_cli140e_coverage.TestCLI140eCoverage" name="test_cache_key_generation_edge_cases" time="0.001" /><testcase classname="tests.test_cli140e_coverage.TestCLI140eCoverage" name="test_lru_cache_ttl_expiration" time="0.311" /><testcase classname="tests.test_cli131_search.TestCLI131AdvancedSearch" name="test_comprehensive_advanced_search_functionality" time="0.947" /><testcase classname="tests.test_cli140e_coverage.TestCLI140eCoverage" name="test_lru_cache_max_size_eviction" time="0.002" /><testcase classname="tests.test_cli140e_coverage.TestCLI140eCoverage" name="test_cache_initialization" time="0.002" /><testcase classname="tests.test_cli140e_coverage.TestCLI140eCoverage" name="test_vectorization_tool_rate_limiting" time="0.002" /><testcase classname="tests.test_cli140e_coverage.TestCLI140eCoverage" name="test_vectorization_tool_initialization_error_handling" time="0.411" /><testcase classname="tests.test_cli132_api.TestCLI132CSAgentAPI" name="test_tree_view_endpoint_success" time="0.009" /><testcase classname="tests.test_cli132_api.TestCLI132CSAgentAPI" name="test_tree_view_endpoint_not_found" time="0.007" /><testcase classname="tests.test_cli132_api.TestCLI132CSAgentAPI" name="test_search_endpoint_by_path" time="0.009" /><testcase classname="tests.test_cli132_api.TestCLI132CSAgentAPI" name="test_search_endpoint_by_tags" time="0.006" /><testcase classname="tests.test_cli132_api.TestCLI132CSAgentAPI" name="test_search_endpoint_by_metadata" time="0.008" /><testcase classname="tests.test_cli132_api.TestCLI132CSAgentAPI" name="test_search_endpoint_combined_parameters" time="0.007" /><testcase classname="tests.test_cli132_api.TestCLI132CSAgentAPI" name="test_search_endpoint_invalid_metadata_json" time="0.010" /><testcase classname="tests.test_cli132_api.TestCLI132CSAgentAPI" name="test_search_endpoint_no_parameters" time="0.007" /><testcase classname="tests.test_cli132_api.TestCLI132CSAgentAPI" name="test_health_endpoint" time="0.005" /><testcase classname="tests.test_cli132_api.TestCLI132CSAgentAPI" name="test_api_error_handling" time="0.008" /><testcase classname="tests.test_cli133_rag.TestCLI133RAG" name="test_rag_search_vector_only" time="0.008"><failure message="assert 0 == 3">tests/test_cli133_rag.py:132: in test_rag_search_vector_only
    assert result["count"] == 3
E   assert 0 == 3</failure></testcase><testcase classname="tests.test_cli133_rag.TestCLI133RAG" name="test_rag_search_with_metadata_filters" time="0.006"><failure message="assert 0 == 1">tests/test_cli133_rag.py:166: in test_rag_search_with_metadata_filters
    assert result["count"] == 1
E   assert 0 == 1</failure></testcase><testcase classname="tests.test_cli133_rag.TestCLI133RAG" name="test_rag_search_with_tags_filter" time="0.006"><failure message="assert 0 == 2">tests/test_cli133_rag.py:188: in test_rag_search_with_tags_filter
    assert result["count"] == 2
E   assert 0 == 2</failure></testcase><testcase classname="tests.test_cli133_rag.TestCLI133RAG" name="test_rag_search_with_path_filter" time="0.008"><failure message="assert 0 == 2">tests/test_cli133_rag.py:212: in test_rag_search_with_path_filter
    assert result["count"] == 2
E   assert 0 == 2</failure></testcase><testcase classname="tests.test_cli133_rag.TestCLI133RAG" name="test_rag_search_combined_filters" time="0.008"><failure message="assert 0 == 2">tests/test_cli133_rag.py:238: in test_rag_search_combined_filters
    assert result["count"] == 2
E   assert 0 == 2</failure></testcase><testcase classname="tests.test_cli133_rag.TestCLI133RAG" name="test_rag_search_no_results" time="0.007" /><testcase classname="tests.test_cli133_rag.TestCLI133RAG" name="test_rag_search_qdrant_failure" time="0.007" /><testcase classname="tests.test_cli133_rag.TestCLI133RAG" name="test_qdrant_rag_search_function" time="0.007" /><testcase classname="tests.test_cli133_rag.TestCLI133RAG" name="test_filter_by_metadata" time="0.004" /><testcase classname="tests.test_cli133_rag.TestCLI133RAG" name="test_filter_by_tags" time="0.004" /><testcase classname="tests.test_cli133_rag.TestCLI133RAG" name="test_filter_by_path" time="0.003" /><testcase classname="tests.test_cli133_rag.TestCLI133RAG" name="test_build_hierarchy_path" time="0.003" /><testcase classname="tests.test_cli134_observability.TestCLI134Observability" name="test_qdrant_metrics_collection" time="0.003" /><testcase classname="tests.test_cli134_observability.TestCLI134Observability" name="test_firestore_metrics_collection" time="0.004" /><testcase classname="tests.test_cli134_observability.TestCLI134Observability" name="test_metrics_export_integration" time="0.002" /><testcase classname="tests.test_cli134_observability.TestCLI134Observability" name="test_alert_policy_validation" time="0.004" /><testcase classname="tests.test_cli134_observability.TestCLI134Observability" name="test_dashboard_configuration" time="0.003" /><testcase classname="tests.test_cli134_observability.TestCLI134Observability" name="test_observability_error_handling" time="0.004" /><testcase classname="tests.test_cli134_observability.TestCLI134Observability" name="test_metrics_performance" time="0.004" /><testcase classname="tests.test_cli134_observability.TestCLI134Observability" name="test_observability_with_8_documents" time="0.004" /><testcase classname="tests.test_cli135_logging.TestCLI135AutomatedLogging" name="test_automated_logging_functionality" time="0.008" /><testcase classname="tests.test_cli140e_coverage.TestCLI140eCoverage" name="test_batch_metadata_retrieval_error_handling" time="0.008" /><testcase classname="tests.test_cli140e_coverage.TestCLI140eCoverage" name="test_rate_limiting_key_generation" time="0.005" /><testcase classname="tests.test_cli140e_coverage.TestCLI140eCoverage" name="test_qdrant_operation_retry_mechanism" time="1.006" /><testcase classname="tests.test_cli136_metadata.TestCLI136MetadataOptimization" name="test_query_by_hierarchy_optimized" time="0.342" /><testcase classname="tests.test_cli136_metadata.TestCLI136MetadataOptimization" name="test_query_by_version_range_optimized" time="0.377" /><testcase classname="tests.test_cli140e_latency.TestLatencyProfiling" name="test_rag_search_latency_profile" time="0.394"><failure message="AssertionError: assert 'failed' == 'success'&#10;  &#10;  - success&#10;  + failed">tests/test_cli140e_latency.py:122: in test_rag_search_latency_profile
    assert result["status"] == "success"
E   AssertionError: assert 'failed' == 'success'
E
E     - success
E     + failed</failure></testcase><testcase classname="tests.test_cli136_metadata.TestCLI136MetadataOptimization" name="test_query_latest_by_category_optimized" time="0.364" /><testcase classname="tests.test_cli140e_latency.TestLatencyProfiling" name="test_cskh_api_latency_profile" time="0.014"><failure message="assert 503 == 200&#10; +  where 503 = &lt;Response [503 Service Unavailable]&gt;.status_code">tests/test_cli140e_latency.py:184: in test_cskh_api_latency_profile
    assert response.status_code == 200
E   assert 503 == 200
E    +  where 503 = &lt;Response [503 Service Unavailable]&gt;.status_code</failure></testcase><testcase classname="tests.test_cli140e_latency.TestLatencyProfiling" name="test_lru_cache_performance" time="0.004" /><testcase classname="tests.test_cli140e_latency.TestLatencyProfiling" name="test_batch_firestore_optimization" time="0.007"><failure message="AssertionError: Batch query (0.000s) should be faster than individual queries (0.000s)&#10;assert 0.00014781951904296875 &lt; 9.5367431640625e-06">tests/test_cli140e_latency.py:262: in test_batch_firestore_optimization
    assert batch_latency &lt; individual_latency, f"Batch query ({batch_latency:.3f}s) should be faster than individual queries ({individual_latency:.3f}s)"
E   AssertionError: Batch query (0.000s) should be faster than individual queries (0.000s)
E   assert 0.00014781951904296875 &lt; 9.5367431640625e-06</failure></testcase><testcase classname="tests.test_cli140e_latency.TestLatencyProfiling" name="test_end_to_end_latency_with_caching" time="0.712"><failure message="AssertionError: assert 'failed' == 'success'&#10;  &#10;  - success&#10;  + failed">tests/test_cli140e_latency.py:292: in test_end_to_end_latency_with_caching
    assert result1["status"] == "success"
E   AssertionError: assert 'failed' == 'success'
E
E     - success
E     + failed</failure></testcase><testcase classname="tests.test_cli136_metadata.TestCLI136MetadataOptimization" name="test_query_multi_level_hierarchy_optimized" time="0.389" /><testcase classname="tests.test_cli136_metadata.TestCLI136MetadataOptimization" name="test_benchmark_query_performance" time="0.411" /><testcase classname="tests.test_cli140f_coverage" name="test_cli140f_batch_firestore_metadata_performance" time="0.005" /><testcase classname="tests.test_cli140f_coverage" name="test_cli140f_standalone_function_performance" time="0.006" /><testcase classname="tests.test_cli140g2_multi_function_routing.TestCLI140g2MultiFunctionRouting" name="test_multi_function_architecture_files_exist" time="0.003" /><testcase classname="tests.test_cli140g2_multi_function_routing.TestCLI140g2MultiFunctionRouting" name="test_routing_logic_structure" time="0.002" /><testcase classname="tests.test_cli140g2_multi_function_routing.TestCLI140g2MultiFunctionRouting" name="test_architecture_split_documentation" time="0.002" /><testcase classname="tests.test_cli140g2_multi_function_routing.TestCLI140g2MultiFunctionRouting" name="test_document_ingestion_function_exists" time="0.003" /><testcase classname="tests.test_cli140g2_multi_function_routing.TestCLI140g2MultiFunctionRouting" name="test_vector_search_function_exists" time="0.003" /><testcase classname="tests.test_cli140g2_multi_function_routing.TestCLI140g2MultiFunctionRouting" name="test_rag_search_function_exists" time="0.002" /><testcase classname="tests.test_cli140g2_multi_function_routing.TestCLI140g2MultiFunctionRouting" name="test_router_function_exists" time="0.002" /><testcase classname="tests.test_cli140g2_multi_function_routing.TestCLI140g2MultiFunctionRouting" name="test_shadow_traffic_configuration_documented" time="0.004" /><testcase classname="tests.test_cli140g2_multi_function_routing.TestCLI140g2MultiFunctionRouting" name="test_latency_monitoring_configured" time="0.005" /><testcase classname="tests.test_cli140g2_multi_function_routing.TestCLI140g2MultiFunctionRouting" name="test_cli140g2_completion_validation" time="0.002" /><testcase classname="tests.test_cli140g_api_gateway_e2e.TestCLI140gAPIGatewayE2E" name="test_api_gateway_health_check" time="0.003" /><testcase classname="tests.test_cli140g_api_gateway_e2e.TestCLI140gAPIGatewayE2E" name="test_api_gateway_auth_flow" time="0.003" /><testcase classname="tests.test_cli140g_api_gateway_e2e.TestCLI140gAPIGatewayE2E" name="test_api_gateway_document_save_flow" time="0.004" /><testcase classname="tests.test_cli140g_api_gateway_e2e.TestCLI140gAPIGatewayE2E" name="test_api_gateway_vector_query_flow" time="0.003" /><testcase classname="tests.test_cli140g_api_gateway_e2e.TestCLI140gAPIGatewayE2E" name="test_api_gateway_rag_search_flow" time="0.003" /><testcase classname="tests.test_cli140g_api_gateway_e2e.TestCLI140gAPIGatewayE2E" name="test_api_gateway_cskh_endpoints" time="0.004" /><testcase classname="tests.test_cli140g_api_gateway_e2e.TestCLI140gAPIGatewayE2E" name="test_api_gateway_latency_requirements" time="0.005" /><testcase classname="tests.test_cli140g_api_gateway_e2e.TestCLI140gAPIGatewayE2E" name="test_api_gateway_error_handling" time="0.004" /><testcase classname="tests.test_cli140g_api_gateway_e2e.TestCLI140gAPIGatewayE2E" name="test_api_gateway_architecture_distribution" time="0.003" /><testcase classname="tests.test_cli140g_api_gateway_e2e" name="test_cli140g_migration_completion" time="0.003" /><testcase classname="tests.test_cli140h_docker_optimization.TestCLI140hDockerOptimization" name="test_optimized_dockerfile_exists" time="0.006" /><testcase classname="tests.test_cli136_metadata.TestCLI136MetadataOptimization" name="test_query_error_handling" time="0.382" /><testcase classname="tests.test_cli140h_docker_optimization.TestCLI140hDockerOptimization" name="test_runtime_requirements_optimization" time="0.003"><failure message="AssertionError: Heavy package faiss-cpu should be excluded&#10;assert not True&#10; +  where True = any(&lt;generator object TestCLI140hDockerOptimization.test_runtime_requirements_optimization.&lt;locals&gt;.&lt;genexpr&gt; at 0x14bb0e810&gt;)">tests/test_cli140h_docker_optimization.py:66: in test_runtime_requirements_optimization
    assert not any(package in line for line in lines), f"Heavy package {package} should be excluded"
E   AssertionError: Heavy package faiss-cpu should be excluded
E   assert not True
E    +  where True = any(&lt;generator object TestCLI140hDockerOptimization.test_runtime_requirements_optimization.&lt;locals&gt;.&lt;genexpr&gt; at 0x14bb0e810&gt;)</failure></testcase><testcase classname="tests.test_cli140h_docker_optimization.TestCLI140hDockerOptimization" name="test_build_script_configuration" time="0.004" /><testcase classname="tests.test_cli140h_docker_optimization.TestCLI140hDockerOptimization" name="test_dependency_reduction_calculation" time="0.005" /><testcase classname="tests.test_cli140h_docker_optimization.TestCLI140hDockerOptimization" name="test_docker_security_configuration" time="0.004" /><testcase classname="tests.test_cli140h_docker_optimization.TestCLI140hDockerOptimization" name="test_cli140h_optimization_complete" time="0.004" /><testcase classname="tests.test_cli140h_docker_optimization" name="test_cli140h_completion_summary" time="0.004" /><testcase classname="tests.test_enforce_single_test" name="test_enforce_single_test_per_cli" time="2.622"><failure message="AssertionError: Current test count (463) doesn't match expected count for CLI 140e.3.19 (467)&#10;assert 463 == 467">tests/test_enforce_single_test.py:77: in test_enforce_single_test_per_cli
    assert current_count == expected_current_count, (
E   AssertionError: Current test count (463) doesn't match expected count for CLI 140e.3.19 (467)
E   assert 463 == 467</failure></testcase><testcase classname="tests.test_cli136_metadata.TestCLI136MetadataOptimization" name="test_query_validation" time="0.372" /><testcase classname="tests.test_cli136_metadata.TestCLI136MetadataOptimization" name="test_query_performance_target" time="0.002" /><testcase classname="tests.test_cli137_api.TestCLI137BatchAPI" name="test_batch_save_success" time="0.310" /><testcase classname="tests.test_cli137_api.TestCLI137BatchAPI" name="test_batch_query_success" time="0.159" /><testcase classname="tests.test_cli137_api.TestCLI137BatchAPI" name="test_batch_save_partial_failure" time="0.207"><failure message="AssertionError: assert 2 == 1&#10; +  where 2 = BatchSaveResponse(status='completed', batch_id='batch_20250614_075448', total_documents=3, successful_saves=2, failed_...mension=1536, firestore_updated=True, error=None)], message='Batch save completed: 2 successful, 2 failed', error=None).failed_saves">tests/test_cli137_api.py:177: in test_batch_save_partial_failure
    assert response.failed_saves == 1
E   AssertionError: assert 2 == 1
E    +  where 2 = BatchSaveResponse(status='completed', batch_id='batch_20250614_075448', total_documents=3, successful_saves=2, failed_...mension=1536, firestore_updated=True, error=None)], message='Batch save completed: 2 successful, 2 failed', error=None).failed_saves</failure></testcase><testcase classname="tests.test_cli137_api.TestCLI137BatchAPI" name="test_batch_query_scenarios" time="0.517" /><testcase classname="tests.test_cli137_api.TestCLI137BatchAPI" name="test_batch_operations_performance" time="1.017" /><testcase classname="tests.test_cli137_api.TestCLI137BatchAPI" name="test_batch_request_validation" time="0.002" /><testcase classname="tests.test_cli137_api.TestCLI137BatchAPI" name="test_batch_operations_error_handling" time="0.004" /><testcase classname="tests.api.test_query_vector_by_score_threshold" name="test_query_vectors_without_score_threshold" time="0.022" /><testcase classname="tests.api.test_query_vectors_api" name="test_get_vector_by_id" time="0.009" /><testcase classname="tests.api.test_query_vectors_api" name="test_query_vectors_by_ids" time="0.023" /><testcase classname="tests.test_enforce_single_test" name="test_cli_guide_documentation_exists" time="0.004" /><testcase classname="tests.test_integration_api.TestIntegrationAPI" name="test_comprehensive_api_coverage_integration" time="0.002" /><testcase classname="tests.test_mcp_integration.TestMCPIntegration" name="test_subprocess_single_save" time="2.024" /><testcase classname="tests.api.test_save_metadata_roundtrip" name="test_save_metadata_roundtrip" time="0.007" /><testcase classname="tests.api.test_score_threshold_strict" name="test_score_threshold_one" time="0.065" /><testcase classname="tests.api.test_score_threshold_zero" name="test_score_threshold_zero" time="0.022" /><testcase classname="tests.api.test_search_by_payload" name="test_search_by_payload_valid" time="0.007" /><testcase classname="tests.api.test_search_by_payload" name="test_search_by_payload_empty_field" time="0.002" /><testcase classname="tests.api.test_search_by_payload" name="test_search_by_payload_none_value" time="0.002" /><testcase classname="tests.api.test_search_by_payload" name="test_search_by_payload_pagination" time="0.007" /><testcase classname="tests.api.test_search_in_alt_collection" name="test_search_in_alt_collection" time="0.008" /><testcase classname="tests.api.test_search_tag_and_threshold" name="test_search_with_tag_and_threshold" time="0.011" /><testcase classname="tests.api.test_semantic_search_multiple_queries" name="test_semantic_search_multiple_queries" time="0.013" /><testcase classname="tests.api.test_session_and_events.TestSessionMemory" name="test_session_creation" time="0.003" /><testcase classname="tests.api.test_session_and_events.TestSessionMemory" name="test_session_creation_with_custom_id" time="0.003" /><testcase classname="tests.api.test_session_and_events.TestSessionMemory" name="test_session_retrieval" time="0.003" /><testcase classname="tests.api.test_session_and_events.TestSessionMemory" name="test_session_state_update" time="0.005" /><testcase classname="tests.api.test_session_and_events.TestSessionMemory" name="test_session_deletion" time="0.003" /><testcase classname="tests.api.test_session_and_events.TestSessionMemory" name="test_multiple_sessions" time="0.004" /><testcase classname="tests.api.test_session_and_events.TestPubSubEvents" name="test_save_document_event_publishing" time="0.004" /><testcase classname="tests.api.test_session_and_events.TestPubSubEvents" name="test_custom_event_publishing" time="0.004" /><testcase classname="tests.api.test_session_and_events.TestPubSubEvents" name="test_multiple_event_publishing" time="0.005" /><testcase classname="tests.api.test_session_and_events.TestPubSubEvents" name="test_event_publishing_without_pubsub" time="0.002" /><testcase classname="tests.api.test_session_and_events.TestIntegration" name="test_agent_session_management" time="0.009"><failure message="AssertionError: assert 'failed' == 'success'&#10;  &#10;  - success&#10;  + failed">tests/api/test_session_and_events.py:339: in test_agent_session_management
    assert update_result["status"] == "success"
E   AssertionError: assert 'failed' == 'success'
E
E     - success
E     + failed</failure></testcase><testcase classname="tests.api.test_cursor_e2e_real_cloud.TestCursorRealCloudIntegration" name="test_02_authenticate_user" time="0.520" /><testcase classname="tests.api.test_performance_cloud.TestCloudPerformance" name="test_02_performance_save_documents" time="163.070" /><testcase classname="tests.api.test_cursor_e2e_real_cloud.TestCursorRealCloudIntegration" name="test_03_access_denied_without_token" time="0.081" /><testcase classname="tests.api.test_cursor_e2e_real_cloud.TestCursorRealCloudIntegration" name="test_04_save_documents_with_auth" time="53.480"><failure message="AssertionError: Save failed for cursor_auth_006: 429 - {&quot;error&quot;:&quot;Rate limit exceeded: 10 per 1 minute&quot;}&#10;assert 429 == 200&#10; +  where 429 = &lt;Response [429]&gt;.status_code">tests/api/test_cursor_e2e_real_cloud.py:221: in test_04_save_documents_with_auth
    assert (
E   AssertionError: Save failed for cursor_auth_006: 429 - {"error":"Rate limit exceeded: 10 per 1 minute"}
E   assert 429 == 200
E    +  where 429 = &lt;Response [429]&gt;.status_code</failure></testcase><testcase classname="tests.test_mcp_integration.TestMCPIntegration" name="test_subprocess_medium_scale" time="3.112" /><testcase classname="tests.test_mcp_integration.TestMCPIntegration" name="test_subprocess_mock_qdrant_environment" time="2.039" /><testcase classname="tests.test_mcp_integration.TestMCPIntegration" name="test_subprocess_small_scale" time="0.000"><skipped type="pytest.skip" message="need --runslow option to run">/Users/nmhuyen/Documents/Manual Deploy/mpc_back_end_for_agents/conftest.py:388: need --runslow option to run</skipped></testcase><testcase classname="tests.test_mcp_integration.TestMCPIntegration" name="test_subprocess_real_api_calls" time="0.000"><skipped type="pytest.skip" message="need --runslow option to run">/Users/nmhuyen/Documents/Manual Deploy/mpc_back_end_for_agents/conftest.py:388: need --runslow option to run</skipped></testcase><testcase classname="tests.test_mcp_integration.TestMCPIntegration" name="test_timeout_retry_logic" time="2.032" /><testcase classname="tests.test_performance_hybrid_query.TestHybridQueryPerformance" name="test_hybrid_query_latency_8_documents" time="0.020" /><testcase classname="tests.test_performance_hybrid_query.TestHybridQueryPerformance" name="test_hybrid_query_latency_50_documents" time="0.009" /><testcase classname="tests.test_performance_hybrid_query.TestHybridQueryPerformance" name="test_cache_key_generation_performance" time="0.003" /><testcase classname="tests.test_performance_hybrid_query.TestHybridQueryPerformance" name="test_cache_operations_performance" time="0.002" /><testcase classname="tests.test_performance_hybrid_query.TestHybridQueryPerformance" name="test_rag_caching_effectiveness" time="0.117" /><testcase classname="tests.api.test_cursor_e2e_real_cloud.TestCursorRealCloudIntegration" name="test_05_semantic_search_with_auth" time="18.237" /><testcase classname="tests.api.test_cursor_e2e_real_cloud.TestCursorRealCloudIntegration" name="test_06_document_search_with_auth" time="0.376" /><testcase classname="tests.api.test_cursor_e2e_real_cloud.TestCursorRealCloudIntegration" name="test_07_performance_under_load" time="25.617" /><testcase classname="tests.api.test_cursor_e2e_real_cloud.TestCursorRealCloudIntegration" name="test_08_verify_firestore_sync" time="5.203" /><testcase classname="tests.api.test_cursor_e2e_real_cloud.TestCursorRealCloudIntegration" name="test_09_cleanup_and_verification" time="0.082" /><testcase classname="tests.api.test_cursor_integration.TestCursorIntegration" name="test_handle_cursor_document_storage_success" time="0.018" /><testcase classname="tests.api.test_cursor_integration.TestCursorIntegration" name="test_handle_cursor_document_storage_minimal" time="0.006" /><testcase classname="tests.api.test_cursor_integration.TestCursorIntegration" name="test_handle_cursor_document_storage_missing_doc_id" time="0.005" /><testcase classname="tests.api.test_cursor_integration.TestCursorIntegration" name="test_handle_cursor_document_storage_missing_content" time="0.004" /><testcase classname="tests.api.test_cursor_integration.TestCursorIntegration" name="test_handle_cursor_document_storage_vectorization_failure" time="0.005" /><testcase classname="tests.api.test_cursor_integration.TestCursorIntegration" name="test_cursor_metadata_enhancement" time="0.007" /><testcase classname="tests.api.test_cursor_integration.TestCursorIntegration" name="test_cursor_json_format_compatibility" time="0.002" /><testcase classname="tests.api.test_cursor_integration.TestCursorIntegration" name="test_cursor_integration_different_save_dirs" time="0.005" /><testcase classname="tests.api.test_cursor_integration.TestCursorIntegration" name="test_cursor_integration_real_world_scenario" time="0.004" /><testcase classname="tests.api.test_delay_tool_completes_under_2s" name="test_delay_tool_completes_under_2s" time="0.002"><failure message="TypeError: 'coroutine' object is not subscriptable">tests/api/test_delay_tool_completes_under_2s.py:15: in test_delay_tool_completes_under_2s
    assert result["status"] == "success", "Expected success status"
E   TypeError: 'coroutine' object is not subscriptable</failure></testcase><testcase classname="tests.api.test_delay_tool_completes_under_2s" name="test_delay_tool_short_delay" time="0.001"><failure message="TypeError: 'coroutine' object is not subscriptable">tests/api/test_delay_tool_completes_under_2s.py:28: in test_delay_tool_short_delay
    assert result["status"] == "success", "Expected success status"
E   TypeError: 'coroutine' object is not subscriptable</failure></testcase><testcase classname="tests.api.test_delete_by_tag" name="test_delete_by_tag_valid" time="0.008" /><testcase classname="tests.api.test_delete_by_tag" name="test_delete_by_tag_empty" time="0.002" /><testcase classname="tests.api.test_delete_by_tag" name="test_delete_by_tag_non_existent" time="0.008" /><testcase classname="tests.api.test_performance_cloud.TestCloudPerformance" name="test_03_performance_search_queries" time="63.846" /><testcase classname="tests.api.test_performance_cloud.TestCloudPerformance" name="test_04_performance_document_searches" time="31.288"><failure message="AssertionError: Expected at least 10 successful searches, got 0&#10;assert 0 &gt;= 10">tests/api/test_performance_cloud.py:385: in test_04_performance_document_searches
    assert successful_doc_searches &gt;= 10, f"Expected at least 10 successful searches, got {successful_doc_searches}"
E   AssertionError: Expected at least 10 successful searches, got 0
E   assert 0 &gt;= 10</failure></testcase><testcase classname="tests.api.test_performance_cloud.TestCloudPerformance" name="test_05_overall_performance_summary" time="0.004"><failure message="AssertionError: Expected at least 40 successful operations, got 32&#10;assert 32 &gt;= 40&#10; +  where 32 = &lt;tests.api.test_performance_cloud.TestCloudPerformance object at 0x14ea9db40&gt;.successful_operations">tests/api/test_performance_cloud.py:436: in test_05_overall_performance_summary
    assert self.successful_operations &gt;= 40, f"Expected at least 40 successful operations, got {self.successful_operations}"
E   AssertionError: Expected at least 40 successful operations, got 32
E   assert 32 &gt;= 40
E    +  where 32 = &lt;tests.api.test_performance_cloud.TestCloudPerformance object at 0x14ea9db40&gt;.successful_operations</failure></testcase><testcase classname="tests.api.test_qdrant_integration" name="test_qdrant_tools_registration" time="0.007" /><testcase classname="tests.api.test_qdrant_integration" name="test_qdrant_upsert_vector_tool" time="0.012" /><testcase classname="tests.api.test_qdrant_integration" name="test_qdrant_query_by_tag_tool" time="0.007" /><testcase classname="tests.api.test_qdrant_integration" name="test_qdrant_health_check_tool" time="0.007" /><testcase classname="tests.api.test_qdrant_integration" name="test_qdrant_get_count_tool" time="0.005" /><testcase classname="tests.api.test_qdrant_integration" name="test_qdrant_delete_by_tag_tool" time="0.005" /><testcase classname="tests.api.test_qdrant_integration" name="test_semantic_search_qdrant_tool" time="0.005" /><testcase classname="tests.api.test_qdrant_integration" name="test_qdrant_tool_error_handling" time="0.004" /><testcase classname="tests.api.test_qdrant_integration" name="test_qdrant_config_validation" time="0.002" /><testcase classname="tests.api.test_qdrant_integration" name="test_qdrant_cluster_info" time="0.000"><skipped type="pytest.skip" message="need --runslow option to run">/Users/nmhuyen/Documents/Manual Deploy/mpc_back_end_for_agents/conftest.py:388: need --runslow option to run</skipped></testcase><testcase classname="tests.api.test_qdrant_store" name="test_points_selector_empty" time="0.002" /><testcase classname="tests.api.test_qdrant_store" name="test_points_selector_with_filter" time="0.002" /><testcase classname="tests.api.test_qdrant_store" name="test_vector_store_interface_methods" time="0.005" /><testcase classname="tests.api.test_qdrant_vectorization_tool" name="test_firestore_sync_pending_to_completed" time="0.018" /><testcase classname="tests.api.test_qdrant_vectorization_tool" name="test_firestore_sync_failure_status" time="0.006" /><testcase classname="tests.api.test_qdrant_vectorization_tool" name="test_batch_vectorization_firestore_sync" time="0.613" /><testcase classname="tests.api.test_qdrant_vectorization_tool" name="test_vectorization_without_firestore_sync" time="0.013" /><testcase classname="tests.api.test_query_text_too_long" name="test_query_text_exceeds_max_length" time="0.012" /><testcase classname="tests.api.test_query_vector_by_score_threshold" name="test_query_vectors_by_score_threshold_passes" time="0.033" /><testcase classname="tests.api.test_query_vector_by_score_threshold" name="test_query_vectors_by_score_threshold_filters_all" time="0.020" /></testsuite></testsuites>
